<?xml version="1.0" encoding="UTF-8"?>
<testsuite xmlns:xsi="http://www.w3.org/2001/XMLSchema-instance" xsi:noNamespaceSchemaLocation="https://maven.apache.org/surefire/maven-surefire-plugin/xsd/surefire-test-report.xsd" name="gr.uth.ece.dsel.spark_prepartitioning.AppTest" time="0.323" tests="1" errors="0" skipped="0" failures="0">
  <properties>
    <property name="awt.toolkit" value="sun.awt.X11.XToolkit"/>
    <property name="java.specification.version" value="11"/>
    <property name="sun.cpu.isalist" value=""/>
    <property name="sun.jnu.encoding" value="UTF-8"/>
    <property name="java.class.path" value="/home/pmoutafis/GKNN/GKNNQ-Spark-prepartitioning/target/test-classes:/home/pmoutafis/GKNN/GKNNQ-Spark-prepartitioning/target/classes:/home/pmoutafis/.m2/repository/junit/junit/4.11/junit-4.11.jar:/home/pmoutafis/.m2/repository/org/hamcrest/hamcrest-core/1.3/hamcrest-core-1.3.jar:/home/pmoutafis/.m2/repository/org/apache/spark/spark-core_2.13/3.3.1/spark-core_2.13-3.3.1.jar:/home/pmoutafis/.m2/repository/org/scala-lang/modules/scala-parallel-collections_2.13/1.0.3/scala-parallel-collections_2.13-1.0.3.jar:/home/pmoutafis/.m2/repository/org/apache/avro/avro/1.11.0/avro-1.11.0.jar:/home/pmoutafis/.m2/repository/com/fasterxml/jackson/core/jackson-core/2.12.5/jackson-core-2.12.5.jar:/home/pmoutafis/.m2/repository/org/apache/commons/commons-compress/1.21/commons-compress-1.21.jar:/home/pmoutafis/.m2/repository/org/apache/avro/avro-mapred/1.11.0/avro-mapred-1.11.0.jar:/home/pmoutafis/.m2/repository/org/apache/avro/avro-ipc/1.11.0/avro-ipc-1.11.0.jar:/home/pmoutafis/.m2/repository/org/tukaani/xz/1.9/xz-1.9.jar:/home/pmoutafis/.m2/repository/com/twitter/chill_2.13/0.10.0/chill_2.13-0.10.0.jar:/home/pmoutafis/.m2/repository/com/esotericsoftware/kryo-shaded/4.0.2/kryo-shaded-4.0.2.jar:/home/pmoutafis/.m2/repository/com/esotericsoftware/minlog/1.3.0/minlog-1.3.0.jar:/home/pmoutafis/.m2/repository/org/objenesis/objenesis/2.5.1/objenesis-2.5.1.jar:/home/pmoutafis/.m2/repository/com/twitter/chill-java/0.10.0/chill-java-0.10.0.jar:/home/pmoutafis/.m2/repository/org/apache/xbean/xbean-asm9-shaded/4.20/xbean-asm9-shaded-4.20.jar:/home/pmoutafis/.m2/repository/org/apache/hadoop/hadoop-client-api/3.3.2/hadoop-client-api-3.3.2.jar:/home/pmoutafis/.m2/repository/org/apache/hadoop/hadoop-client-runtime/3.3.2/hadoop-client-runtime-3.3.2.jar:/home/pmoutafis/.m2/repository/commons-logging/commons-logging/1.1.3/commons-logging-1.1.3.jar:/home/pmoutafis/.m2/repository/org/apache/spark/spark-launcher_2.13/3.3.1/spark-launcher_2.13-3.3.1.jar:/home/pmoutafis/.m2/repository/org/apache/spark/spark-kvstore_2.13/3.3.1/spark-kvstore_2.13-3.3.1.jar:/home/pmoutafis/.m2/repository/org/fusesource/leveldbjni/leveldbjni-all/1.8/leveldbjni-all-1.8.jar:/home/pmoutafis/.m2/repository/com/fasterxml/jackson/core/jackson-annotations/2.13.4/jackson-annotations-2.13.4.jar:/home/pmoutafis/.m2/repository/org/rocksdb/rocksdbjni/6.20.3/rocksdbjni-6.20.3.jar:/home/pmoutafis/.m2/repository/org/apache/spark/spark-network-common_2.13/3.3.1/spark-network-common_2.13-3.3.1.jar:/home/pmoutafis/.m2/repository/com/google/crypto/tink/tink/1.6.1/tink-1.6.1.jar:/home/pmoutafis/.m2/repository/com/google/protobuf/protobuf-java/3.14.0/protobuf-java-3.14.0.jar:/home/pmoutafis/.m2/repository/com/google/code/gson/gson/2.8.6/gson-2.8.6.jar:/home/pmoutafis/.m2/repository/org/apache/spark/spark-network-shuffle_2.13/3.3.1/spark-network-shuffle_2.13-3.3.1.jar:/home/pmoutafis/.m2/repository/org/apache/spark/spark-unsafe_2.13/3.3.1/spark-unsafe_2.13-3.3.1.jar:/home/pmoutafis/.m2/repository/javax/activation/activation/1.1.1/activation-1.1.1.jar:/home/pmoutafis/.m2/repository/org/apache/curator/curator-recipes/2.13.0/curator-recipes-2.13.0.jar:/home/pmoutafis/.m2/repository/org/apache/curator/curator-framework/2.13.0/curator-framework-2.13.0.jar:/home/pmoutafis/.m2/repository/org/apache/curator/curator-client/2.13.0/curator-client-2.13.0.jar:/home/pmoutafis/.m2/repository/com/google/guava/guava/16.0.1/guava-16.0.1.jar:/home/pmoutafis/.m2/repository/org/apache/zookeeper/zookeeper/3.6.2/zookeeper-3.6.2.jar:/home/pmoutafis/.m2/repository/commons-lang/commons-lang/2.6/commons-lang-2.6.jar:/home/pmoutafis/.m2/repository/org/apache/zookeeper/zookeeper-jute/3.6.2/zookeeper-jute-3.6.2.jar:/home/pmoutafis/.m2/repository/org/apache/yetus/audience-annotations/0.5.0/audience-annotations-0.5.0.jar:/home/pmoutafis/.m2/repository/jakarta/servlet/jakarta.servlet-api/4.0.3/jakarta.servlet-api-4.0.3.jar:/home/pmoutafis/.m2/repository/commons-codec/commons-codec/1.15/commons-codec-1.15.jar:/home/pmoutafis/.m2/repository/org/apache/commons/commons-lang3/3.12.0/commons-lang3-3.12.0.jar:/home/pmoutafis/.m2/repository/org/apache/commons/commons-math3/3.6.1/commons-math3-3.6.1.jar:/home/pmoutafis/.m2/repository/org/apache/commons/commons-text/1.9/commons-text-1.9.jar:/home/pmoutafis/.m2/repository/commons-io/commons-io/2.11.0/commons-io-2.11.0.jar:/home/pmoutafis/.m2/repository/commons-collections/commons-collections/3.2.2/commons-collections-3.2.2.jar:/home/pmoutafis/.m2/repository/org/apache/commons/commons-collections4/4.4/commons-collections4-4.4.jar:/home/pmoutafis/.m2/repository/com/google/code/findbugs/jsr305/3.0.0/jsr305-3.0.0.jar:/home/pmoutafis/.m2/repository/org/slf4j/slf4j-api/1.7.32/slf4j-api-1.7.32.jar:/home/pmoutafis/.m2/repository/org/slf4j/jul-to-slf4j/1.7.32/jul-to-slf4j-1.7.32.jar:/home/pmoutafis/.m2/repository/org/slf4j/jcl-over-slf4j/1.7.32/jcl-over-slf4j-1.7.32.jar:/home/pmoutafis/.m2/repository/org/apache/logging/log4j/log4j-slf4j-impl/2.17.2/log4j-slf4j-impl-2.17.2.jar:/home/pmoutafis/.m2/repository/org/apache/logging/log4j/log4j-api/2.17.2/log4j-api-2.17.2.jar:/home/pmoutafis/.m2/repository/org/apache/logging/log4j/log4j-core/2.17.2/log4j-core-2.17.2.jar:/home/pmoutafis/.m2/repository/org/apache/logging/log4j/log4j-1.2-api/2.17.2/log4j-1.2-api-2.17.2.jar:/home/pmoutafis/.m2/repository/com/ning/compress-lzf/1.1/compress-lzf-1.1.jar:/home/pmoutafis/.m2/repository/org/xerial/snappy/snappy-java/1.1.8.4/snappy-java-1.1.8.4.jar:/home/pmoutafis/.m2/repository/org/lz4/lz4-java/1.8.0/lz4-java-1.8.0.jar:/home/pmoutafis/.m2/repository/com/github/luben/zstd-jni/1.5.2-1/zstd-jni-1.5.2-1.jar:/home/pmoutafis/.m2/repository/org/roaringbitmap/RoaringBitmap/0.9.25/RoaringBitmap-0.9.25.jar:/home/pmoutafis/.m2/repository/org/roaringbitmap/shims/0.9.25/shims-0.9.25.jar:/home/pmoutafis/.m2/repository/org/scala-lang/modules/scala-xml_2.13/1.2.0/scala-xml_2.13-1.2.0.jar:/home/pmoutafis/.m2/repository/org/scala-lang/scala-library/2.13.8/scala-library-2.13.8.jar:/home/pmoutafis/.m2/repository/org/scala-lang/scala-reflect/2.13.8/scala-reflect-2.13.8.jar:/home/pmoutafis/.m2/repository/org/json4s/json4s-jackson_2.13/3.7.0-M11/json4s-jackson_2.13-3.7.0-M11.jar:/home/pmoutafis/.m2/repository/org/json4s/json4s-core_2.13/3.7.0-M11/json4s-core_2.13-3.7.0-M11.jar:/home/pmoutafis/.m2/repository/org/json4s/json4s-ast_2.13/3.7.0-M11/json4s-ast_2.13-3.7.0-M11.jar:/home/pmoutafis/.m2/repository/org/json4s/json4s-scalap_2.13/3.7.0-M11/json4s-scalap_2.13-3.7.0-M11.jar:/home/pmoutafis/.m2/repository/org/glassfish/jersey/core/jersey-client/2.36/jersey-client-2.36.jar:/home/pmoutafis/.m2/repository/jakarta/ws/rs/jakarta.ws.rs-api/2.1.6/jakarta.ws.rs-api-2.1.6.jar:/home/pmoutafis/.m2/repository/org/glassfish/hk2/external/jakarta.inject/2.6.1/jakarta.inject-2.6.1.jar:/home/pmoutafis/.m2/repository/org/glassfish/jersey/core/jersey-common/2.36/jersey-common-2.36.jar:/home/pmoutafis/.m2/repository/jakarta/annotation/jakarta.annotation-api/1.3.5/jakarta.annotation-api-1.3.5.jar:/home/pmoutafis/.m2/repository/org/glassfish/hk2/osgi-resource-locator/1.0.3/osgi-resource-locator-1.0.3.jar:/home/pmoutafis/.m2/repository/org/glassfish/jersey/core/jersey-server/2.36/jersey-server-2.36.jar:/home/pmoutafis/.m2/repository/jakarta/validation/jakarta.validation-api/2.0.2/jakarta.validation-api-2.0.2.jar:/home/pmoutafis/.m2/repository/org/glassfish/jersey/containers/jersey-container-servlet/2.36/jersey-container-servlet-2.36.jar:/home/pmoutafis/.m2/repository/org/glassfish/jersey/containers/jersey-container-servlet-core/2.36/jersey-container-servlet-core-2.36.jar:/home/pmoutafis/.m2/repository/org/glassfish/jersey/inject/jersey-hk2/2.36/jersey-hk2-2.36.jar:/home/pmoutafis/.m2/repository/org/glassfish/hk2/hk2-locator/2.6.1/hk2-locator-2.6.1.jar:/home/pmoutafis/.m2/repository/org/glassfish/hk2/external/aopalliance-repackaged/2.6.1/aopalliance-repackaged-2.6.1.jar:/home/pmoutafis/.m2/repository/org/glassfish/hk2/hk2-api/2.6.1/hk2-api-2.6.1.jar:/home/pmoutafis/.m2/repository/org/glassfish/hk2/hk2-utils/2.6.1/hk2-utils-2.6.1.jar:/home/pmoutafis/.m2/repository/org/javassist/javassist/3.25.0-GA/javassist-3.25.0-GA.jar:/home/pmoutafis/.m2/repository/io/netty/netty-all/4.1.74.Final/netty-all-4.1.74.Final.jar:/home/pmoutafis/.m2/repository/io/netty/netty-buffer/4.1.74.Final/netty-buffer-4.1.74.Final.jar:/home/pmoutafis/.m2/repository/io/netty/netty-codec/4.1.74.Final/netty-codec-4.1.74.Final.jar:/home/pmoutafis/.m2/repository/io/netty/netty-common/4.1.74.Final/netty-common-4.1.74.Final.jar:/home/pmoutafis/.m2/repository/io/netty/netty-handler/4.1.74.Final/netty-handler-4.1.74.Final.jar:/home/pmoutafis/.m2/repository/io/netty/netty-tcnative-classes/2.0.48.Final/netty-tcnative-classes-2.0.48.Final.jar:/home/pmoutafis/.m2/repository/io/netty/netty-resolver/4.1.74.Final/netty-resolver-4.1.74.Final.jar:/home/pmoutafis/.m2/repository/io/netty/netty-transport/4.1.74.Final/netty-transport-4.1.74.Final.jar:/home/pmoutafis/.m2/repository/io/netty/netty-transport-classes-epoll/4.1.74.Final/netty-transport-classes-epoll-4.1.74.Final.jar:/home/pmoutafis/.m2/repository/io/netty/netty-transport-native-unix-common/4.1.74.Final/netty-transport-native-unix-common-4.1.74.Final.jar:/home/pmoutafis/.m2/repository/io/netty/netty-transport-classes-kqueue/4.1.74.Final/netty-transport-classes-kqueue-4.1.74.Final.jar:/home/pmoutafis/.m2/repository/io/netty/netty-transport-native-epoll/4.1.74.Final/netty-transport-native-epoll-4.1.74.Final-linux-x86_64.jar:/home/pmoutafis/.m2/repository/io/netty/netty-transport-native-epoll/4.1.74.Final/netty-transport-native-epoll-4.1.74.Final-linux-aarch_64.jar:/home/pmoutafis/.m2/repository/io/netty/netty-transport-native-kqueue/4.1.74.Final/netty-transport-native-kqueue-4.1.74.Final-osx-x86_64.jar:/home/pmoutafis/.m2/repository/io/netty/netty-transport-native-kqueue/4.1.74.Final/netty-transport-native-kqueue-4.1.74.Final-osx-aarch_64.jar:/home/pmoutafis/.m2/repository/com/clearspring/analytics/stream/2.9.6/stream-2.9.6.jar:/home/pmoutafis/.m2/repository/io/dropwizard/metrics/metrics-core/4.2.7/metrics-core-4.2.7.jar:/home/pmoutafis/.m2/repository/io/dropwizard/metrics/metrics-jvm/4.2.7/metrics-jvm-4.2.7.jar:/home/pmoutafis/.m2/repository/io/dropwizard/metrics/metrics-json/4.2.7/metrics-json-4.2.7.jar:/home/pmoutafis/.m2/repository/io/dropwizard/metrics/metrics-graphite/4.2.7/metrics-graphite-4.2.7.jar:/home/pmoutafis/.m2/repository/io/dropwizard/metrics/metrics-jmx/4.2.7/metrics-jmx-4.2.7.jar:/home/pmoutafis/.m2/repository/com/fasterxml/jackson/core/jackson-databind/2.13.4.1/jackson-databind-2.13.4.1.jar:/home/pmoutafis/.m2/repository/com/fasterxml/jackson/module/jackson-module-scala_2.13/2.13.4/jackson-module-scala_2.13-2.13.4.jar:/home/pmoutafis/.m2/repository/com/thoughtworks/paranamer/paranamer/2.8/paranamer-2.8.jar:/home/pmoutafis/.m2/repository/org/apache/ivy/ivy/2.5.0/ivy-2.5.0.jar:/home/pmoutafis/.m2/repository/oro/oro/2.0.8/oro-2.0.8.jar:/home/pmoutafis/.m2/repository/net/razorvine/pickle/1.2/pickle-1.2.jar:/home/pmoutafis/.m2/repository/net/sf/py4j/py4j/0.10.9.5/py4j-0.10.9.5.jar:/home/pmoutafis/.m2/repository/org/apache/spark/spark-tags_2.13/3.3.1/spark-tags_2.13-3.3.1.jar:/home/pmoutafis/.m2/repository/org/apache/commons/commons-crypto/1.1.0/commons-crypto-1.1.0.jar:/home/pmoutafis/.m2/repository/org/spark-project/spark/unused/1.0.0/unused-1.0.0.jar:"/>
    <property name="java.vm.vendor" value="Ubuntu"/>
    <property name="sun.arch.data.model" value="64"/>
    <property name="java.vendor.url" value="https://ubuntu.com/"/>
    <property name="user.timezone" value=""/>
    <property name="java.vm.specification.version" value="11"/>
    <property name="os.name" value="Linux"/>
    <property name="sun.java.launcher" value="SUN_STANDARD"/>
    <property name="user.country" value="US"/>
    <property name="sun.boot.library.path" value="/usr/lib/jvm/java-11-openjdk-amd64/lib"/>
    <property name="sun.java.command" value="/home/pmoutafis/GKNN/GKNNQ-Spark-prepartitioning/target/surefire/surefirebooter8236446554620247235.jar /home/pmoutafis/GKNN/GKNNQ-Spark-prepartitioning/target/surefire 2023-01-01T16-49-17_240-jvmRun1 surefire17254028694609758352tmp surefire_014046495326071575956tmp"/>
    <property name="jdk.debug" value="release"/>
    <property name="surefire.test.class.path" value="/home/pmoutafis/GKNN/GKNNQ-Spark-prepartitioning/target/test-classes:/home/pmoutafis/GKNN/GKNNQ-Spark-prepartitioning/target/classes:/home/pmoutafis/.m2/repository/junit/junit/4.11/junit-4.11.jar:/home/pmoutafis/.m2/repository/org/hamcrest/hamcrest-core/1.3/hamcrest-core-1.3.jar:/home/pmoutafis/.m2/repository/org/apache/spark/spark-core_2.13/3.3.1/spark-core_2.13-3.3.1.jar:/home/pmoutafis/.m2/repository/org/scala-lang/modules/scala-parallel-collections_2.13/1.0.3/scala-parallel-collections_2.13-1.0.3.jar:/home/pmoutafis/.m2/repository/org/apache/avro/avro/1.11.0/avro-1.11.0.jar:/home/pmoutafis/.m2/repository/com/fasterxml/jackson/core/jackson-core/2.12.5/jackson-core-2.12.5.jar:/home/pmoutafis/.m2/repository/org/apache/commons/commons-compress/1.21/commons-compress-1.21.jar:/home/pmoutafis/.m2/repository/org/apache/avro/avro-mapred/1.11.0/avro-mapred-1.11.0.jar:/home/pmoutafis/.m2/repository/org/apache/avro/avro-ipc/1.11.0/avro-ipc-1.11.0.jar:/home/pmoutafis/.m2/repository/org/tukaani/xz/1.9/xz-1.9.jar:/home/pmoutafis/.m2/repository/com/twitter/chill_2.13/0.10.0/chill_2.13-0.10.0.jar:/home/pmoutafis/.m2/repository/com/esotericsoftware/kryo-shaded/4.0.2/kryo-shaded-4.0.2.jar:/home/pmoutafis/.m2/repository/com/esotericsoftware/minlog/1.3.0/minlog-1.3.0.jar:/home/pmoutafis/.m2/repository/org/objenesis/objenesis/2.5.1/objenesis-2.5.1.jar:/home/pmoutafis/.m2/repository/com/twitter/chill-java/0.10.0/chill-java-0.10.0.jar:/home/pmoutafis/.m2/repository/org/apache/xbean/xbean-asm9-shaded/4.20/xbean-asm9-shaded-4.20.jar:/home/pmoutafis/.m2/repository/org/apache/hadoop/hadoop-client-api/3.3.2/hadoop-client-api-3.3.2.jar:/home/pmoutafis/.m2/repository/org/apache/hadoop/hadoop-client-runtime/3.3.2/hadoop-client-runtime-3.3.2.jar:/home/pmoutafis/.m2/repository/commons-logging/commons-logging/1.1.3/commons-logging-1.1.3.jar:/home/pmoutafis/.m2/repository/org/apache/spark/spark-launcher_2.13/3.3.1/spark-launcher_2.13-3.3.1.jar:/home/pmoutafis/.m2/repository/org/apache/spark/spark-kvstore_2.13/3.3.1/spark-kvstore_2.13-3.3.1.jar:/home/pmoutafis/.m2/repository/org/fusesource/leveldbjni/leveldbjni-all/1.8/leveldbjni-all-1.8.jar:/home/pmoutafis/.m2/repository/com/fasterxml/jackson/core/jackson-annotations/2.13.4/jackson-annotations-2.13.4.jar:/home/pmoutafis/.m2/repository/org/rocksdb/rocksdbjni/6.20.3/rocksdbjni-6.20.3.jar:/home/pmoutafis/.m2/repository/org/apache/spark/spark-network-common_2.13/3.3.1/spark-network-common_2.13-3.3.1.jar:/home/pmoutafis/.m2/repository/com/google/crypto/tink/tink/1.6.1/tink-1.6.1.jar:/home/pmoutafis/.m2/repository/com/google/protobuf/protobuf-java/3.14.0/protobuf-java-3.14.0.jar:/home/pmoutafis/.m2/repository/com/google/code/gson/gson/2.8.6/gson-2.8.6.jar:/home/pmoutafis/.m2/repository/org/apache/spark/spark-network-shuffle_2.13/3.3.1/spark-network-shuffle_2.13-3.3.1.jar:/home/pmoutafis/.m2/repository/org/apache/spark/spark-unsafe_2.13/3.3.1/spark-unsafe_2.13-3.3.1.jar:/home/pmoutafis/.m2/repository/javax/activation/activation/1.1.1/activation-1.1.1.jar:/home/pmoutafis/.m2/repository/org/apache/curator/curator-recipes/2.13.0/curator-recipes-2.13.0.jar:/home/pmoutafis/.m2/repository/org/apache/curator/curator-framework/2.13.0/curator-framework-2.13.0.jar:/home/pmoutafis/.m2/repository/org/apache/curator/curator-client/2.13.0/curator-client-2.13.0.jar:/home/pmoutafis/.m2/repository/com/google/guava/guava/16.0.1/guava-16.0.1.jar:/home/pmoutafis/.m2/repository/org/apache/zookeeper/zookeeper/3.6.2/zookeeper-3.6.2.jar:/home/pmoutafis/.m2/repository/commons-lang/commons-lang/2.6/commons-lang-2.6.jar:/home/pmoutafis/.m2/repository/org/apache/zookeeper/zookeeper-jute/3.6.2/zookeeper-jute-3.6.2.jar:/home/pmoutafis/.m2/repository/org/apache/yetus/audience-annotations/0.5.0/audience-annotations-0.5.0.jar:/home/pmoutafis/.m2/repository/jakarta/servlet/jakarta.servlet-api/4.0.3/jakarta.servlet-api-4.0.3.jar:/home/pmoutafis/.m2/repository/commons-codec/commons-codec/1.15/commons-codec-1.15.jar:/home/pmoutafis/.m2/repository/org/apache/commons/commons-lang3/3.12.0/commons-lang3-3.12.0.jar:/home/pmoutafis/.m2/repository/org/apache/commons/commons-math3/3.6.1/commons-math3-3.6.1.jar:/home/pmoutafis/.m2/repository/org/apache/commons/commons-text/1.9/commons-text-1.9.jar:/home/pmoutafis/.m2/repository/commons-io/commons-io/2.11.0/commons-io-2.11.0.jar:/home/pmoutafis/.m2/repository/commons-collections/commons-collections/3.2.2/commons-collections-3.2.2.jar:/home/pmoutafis/.m2/repository/org/apache/commons/commons-collections4/4.4/commons-collections4-4.4.jar:/home/pmoutafis/.m2/repository/com/google/code/findbugs/jsr305/3.0.0/jsr305-3.0.0.jar:/home/pmoutafis/.m2/repository/org/slf4j/slf4j-api/1.7.32/slf4j-api-1.7.32.jar:/home/pmoutafis/.m2/repository/org/slf4j/jul-to-slf4j/1.7.32/jul-to-slf4j-1.7.32.jar:/home/pmoutafis/.m2/repository/org/slf4j/jcl-over-slf4j/1.7.32/jcl-over-slf4j-1.7.32.jar:/home/pmoutafis/.m2/repository/org/apache/logging/log4j/log4j-slf4j-impl/2.17.2/log4j-slf4j-impl-2.17.2.jar:/home/pmoutafis/.m2/repository/org/apache/logging/log4j/log4j-api/2.17.2/log4j-api-2.17.2.jar:/home/pmoutafis/.m2/repository/org/apache/logging/log4j/log4j-core/2.17.2/log4j-core-2.17.2.jar:/home/pmoutafis/.m2/repository/org/apache/logging/log4j/log4j-1.2-api/2.17.2/log4j-1.2-api-2.17.2.jar:/home/pmoutafis/.m2/repository/com/ning/compress-lzf/1.1/compress-lzf-1.1.jar:/home/pmoutafis/.m2/repository/org/xerial/snappy/snappy-java/1.1.8.4/snappy-java-1.1.8.4.jar:/home/pmoutafis/.m2/repository/org/lz4/lz4-java/1.8.0/lz4-java-1.8.0.jar:/home/pmoutafis/.m2/repository/com/github/luben/zstd-jni/1.5.2-1/zstd-jni-1.5.2-1.jar:/home/pmoutafis/.m2/repository/org/roaringbitmap/RoaringBitmap/0.9.25/RoaringBitmap-0.9.25.jar:/home/pmoutafis/.m2/repository/org/roaringbitmap/shims/0.9.25/shims-0.9.25.jar:/home/pmoutafis/.m2/repository/org/scala-lang/modules/scala-xml_2.13/1.2.0/scala-xml_2.13-1.2.0.jar:/home/pmoutafis/.m2/repository/org/scala-lang/scala-library/2.13.8/scala-library-2.13.8.jar:/home/pmoutafis/.m2/repository/org/scala-lang/scala-reflect/2.13.8/scala-reflect-2.13.8.jar:/home/pmoutafis/.m2/repository/org/json4s/json4s-jackson_2.13/3.7.0-M11/json4s-jackson_2.13-3.7.0-M11.jar:/home/pmoutafis/.m2/repository/org/json4s/json4s-core_2.13/3.7.0-M11/json4s-core_2.13-3.7.0-M11.jar:/home/pmoutafis/.m2/repository/org/json4s/json4s-ast_2.13/3.7.0-M11/json4s-ast_2.13-3.7.0-M11.jar:/home/pmoutafis/.m2/repository/org/json4s/json4s-scalap_2.13/3.7.0-M11/json4s-scalap_2.13-3.7.0-M11.jar:/home/pmoutafis/.m2/repository/org/glassfish/jersey/core/jersey-client/2.36/jersey-client-2.36.jar:/home/pmoutafis/.m2/repository/jakarta/ws/rs/jakarta.ws.rs-api/2.1.6/jakarta.ws.rs-api-2.1.6.jar:/home/pmoutafis/.m2/repository/org/glassfish/hk2/external/jakarta.inject/2.6.1/jakarta.inject-2.6.1.jar:/home/pmoutafis/.m2/repository/org/glassfish/jersey/core/jersey-common/2.36/jersey-common-2.36.jar:/home/pmoutafis/.m2/repository/jakarta/annotation/jakarta.annotation-api/1.3.5/jakarta.annotation-api-1.3.5.jar:/home/pmoutafis/.m2/repository/org/glassfish/hk2/osgi-resource-locator/1.0.3/osgi-resource-locator-1.0.3.jar:/home/pmoutafis/.m2/repository/org/glassfish/jersey/core/jersey-server/2.36/jersey-server-2.36.jar:/home/pmoutafis/.m2/repository/jakarta/validation/jakarta.validation-api/2.0.2/jakarta.validation-api-2.0.2.jar:/home/pmoutafis/.m2/repository/org/glassfish/jersey/containers/jersey-container-servlet/2.36/jersey-container-servlet-2.36.jar:/home/pmoutafis/.m2/repository/org/glassfish/jersey/containers/jersey-container-servlet-core/2.36/jersey-container-servlet-core-2.36.jar:/home/pmoutafis/.m2/repository/org/glassfish/jersey/inject/jersey-hk2/2.36/jersey-hk2-2.36.jar:/home/pmoutafis/.m2/repository/org/glassfish/hk2/hk2-locator/2.6.1/hk2-locator-2.6.1.jar:/home/pmoutafis/.m2/repository/org/glassfish/hk2/external/aopalliance-repackaged/2.6.1/aopalliance-repackaged-2.6.1.jar:/home/pmoutafis/.m2/repository/org/glassfish/hk2/hk2-api/2.6.1/hk2-api-2.6.1.jar:/home/pmoutafis/.m2/repository/org/glassfish/hk2/hk2-utils/2.6.1/hk2-utils-2.6.1.jar:/home/pmoutafis/.m2/repository/org/javassist/javassist/3.25.0-GA/javassist-3.25.0-GA.jar:/home/pmoutafis/.m2/repository/io/netty/netty-all/4.1.74.Final/netty-all-4.1.74.Final.jar:/home/pmoutafis/.m2/repository/io/netty/netty-buffer/4.1.74.Final/netty-buffer-4.1.74.Final.jar:/home/pmoutafis/.m2/repository/io/netty/netty-codec/4.1.74.Final/netty-codec-4.1.74.Final.jar:/home/pmoutafis/.m2/repository/io/netty/netty-common/4.1.74.Final/netty-common-4.1.74.Final.jar:/home/pmoutafis/.m2/repository/io/netty/netty-handler/4.1.74.Final/netty-handler-4.1.74.Final.jar:/home/pmoutafis/.m2/repository/io/netty/netty-tcnative-classes/2.0.48.Final/netty-tcnative-classes-2.0.48.Final.jar:/home/pmoutafis/.m2/repository/io/netty/netty-resolver/4.1.74.Final/netty-resolver-4.1.74.Final.jar:/home/pmoutafis/.m2/repository/io/netty/netty-transport/4.1.74.Final/netty-transport-4.1.74.Final.jar:/home/pmoutafis/.m2/repository/io/netty/netty-transport-classes-epoll/4.1.74.Final/netty-transport-classes-epoll-4.1.74.Final.jar:/home/pmoutafis/.m2/repository/io/netty/netty-transport-native-unix-common/4.1.74.Final/netty-transport-native-unix-common-4.1.74.Final.jar:/home/pmoutafis/.m2/repository/io/netty/netty-transport-classes-kqueue/4.1.74.Final/netty-transport-classes-kqueue-4.1.74.Final.jar:/home/pmoutafis/.m2/repository/io/netty/netty-transport-native-epoll/4.1.74.Final/netty-transport-native-epoll-4.1.74.Final-linux-x86_64.jar:/home/pmoutafis/.m2/repository/io/netty/netty-transport-native-epoll/4.1.74.Final/netty-transport-native-epoll-4.1.74.Final-linux-aarch_64.jar:/home/pmoutafis/.m2/repository/io/netty/netty-transport-native-kqueue/4.1.74.Final/netty-transport-native-kqueue-4.1.74.Final-osx-x86_64.jar:/home/pmoutafis/.m2/repository/io/netty/netty-transport-native-kqueue/4.1.74.Final/netty-transport-native-kqueue-4.1.74.Final-osx-aarch_64.jar:/home/pmoutafis/.m2/repository/com/clearspring/analytics/stream/2.9.6/stream-2.9.6.jar:/home/pmoutafis/.m2/repository/io/dropwizard/metrics/metrics-core/4.2.7/metrics-core-4.2.7.jar:/home/pmoutafis/.m2/repository/io/dropwizard/metrics/metrics-jvm/4.2.7/metrics-jvm-4.2.7.jar:/home/pmoutafis/.m2/repository/io/dropwizard/metrics/metrics-json/4.2.7/metrics-json-4.2.7.jar:/home/pmoutafis/.m2/repository/io/dropwizard/metrics/metrics-graphite/4.2.7/metrics-graphite-4.2.7.jar:/home/pmoutafis/.m2/repository/io/dropwizard/metrics/metrics-jmx/4.2.7/metrics-jmx-4.2.7.jar:/home/pmoutafis/.m2/repository/com/fasterxml/jackson/core/jackson-databind/2.13.4.1/jackson-databind-2.13.4.1.jar:/home/pmoutafis/.m2/repository/com/fasterxml/jackson/module/jackson-module-scala_2.13/2.13.4/jackson-module-scala_2.13-2.13.4.jar:/home/pmoutafis/.m2/repository/com/thoughtworks/paranamer/paranamer/2.8/paranamer-2.8.jar:/home/pmoutafis/.m2/repository/org/apache/ivy/ivy/2.5.0/ivy-2.5.0.jar:/home/pmoutafis/.m2/repository/oro/oro/2.0.8/oro-2.0.8.jar:/home/pmoutafis/.m2/repository/net/razorvine/pickle/1.2/pickle-1.2.jar:/home/pmoutafis/.m2/repository/net/sf/py4j/py4j/0.10.9.5/py4j-0.10.9.5.jar:/home/pmoutafis/.m2/repository/org/apache/spark/spark-tags_2.13/3.3.1/spark-tags_2.13-3.3.1.jar:/home/pmoutafis/.m2/repository/org/apache/commons/commons-crypto/1.1.0/commons-crypto-1.1.0.jar:/home/pmoutafis/.m2/repository/org/spark-project/spark/unused/1.0.0/unused-1.0.0.jar:"/>
    <property name="sun.cpu.endian" value="little"/>
    <property name="user.home" value="/home/pmoutafis"/>
    <property name="user.language" value="en"/>
    <property name="java.specification.vendor" value="Oracle Corporation"/>
    <property name="java.version.date" value="2022-10-18"/>
    <property name="java.home" value="/usr/lib/jvm/java-11-openjdk-amd64"/>
    <property name="file.separator" value="/"/>
    <property name="basedir" value="/home/pmoutafis/GKNN/GKNNQ-Spark-prepartitioning"/>
    <property name="java.vm.compressedOopsMode" value="32-bit"/>
    <property name="line.separator" value="&#10;"/>
    <property name="java.specification.name" value="Java Platform API Specification"/>
    <property name="java.vm.specification.vendor" value="Oracle Corporation"/>
    <property name="java.awt.graphicsenv" value="sun.awt.X11GraphicsEnvironment"/>
    <property name="surefire.real.class.path" value="/home/pmoutafis/GKNN/GKNNQ-Spark-prepartitioning/target/surefire/surefirebooter8236446554620247235.jar"/>
    <property name="sun.management.compiler" value="HotSpot 64-Bit Tiered Compilers"/>
    <property name="java.runtime.version" value="11.0.17+8-post-Ubuntu-1ubuntu222.04"/>
    <property name="user.name" value="pmoutafis"/>
    <property name="path.separator" value=":"/>
    <property name="os.version" value="5.15.0-56-generic"/>
    <property name="java.runtime.name" value="OpenJDK Runtime Environment"/>
    <property name="file.encoding" value="UTF-8"/>
    <property name="java.vm.name" value="OpenJDK 64-Bit Server VM"/>
    <property name="localRepository" value="/home/pmoutafis/.m2/repository"/>
    <property name="java.vendor.url.bug" value="https://bugs.launchpad.net/ubuntu/+source/openjdk-lts"/>
    <property name="java.io.tmpdir" value="/tmp"/>
    <property name="java.version" value="11.0.17"/>
    <property name="user.dir" value="/home/pmoutafis/GKNN/GKNNQ-Spark-prepartitioning"/>
    <property name="os.arch" value="amd64"/>
    <property name="java.vm.specification.name" value="Java Virtual Machine Specification"/>
    <property name="java.awt.printerjob" value="sun.print.PSPrinterJob"/>
    <property name="sun.os.patch.level" value="unknown"/>
    <property name="java.library.path" value="/usr/local/hadoop/lib/native/:/usr/local/hadoop/lib/native/::/usr/java/packages/lib:/usr/lib/x86_64-linux-gnu/jni:/lib/x86_64-linux-gnu:/usr/lib/x86_64-linux-gnu:/usr/lib/jni:/lib:/usr/lib"/>
    <property name="java.vm.info" value="mixed mode, sharing"/>
    <property name="java.vendor" value="Ubuntu"/>
    <property name="java.vm.version" value="11.0.17+8-post-Ubuntu-1ubuntu222.04"/>
    <property name="sun.io.unicode.encoding" value="UnicodeLittle"/>
    <property name="java.class.version" value="55.0"/>
  </properties>
  <testcase name="shouldAnswerWithTrue" classname="gr.uth.ece.dsel.spark_prepartitioning.AppTest" time="0.008"/>
</testsuite>